v3.0 - Dev
===================================================
                  Standard Nick Logger
            LOG FILE MADE FOR DEBUG PURPOSES
        made by Nicolas Mendes - September 2021
===================================================

07-09-2025 -> 21:08:22 - Deleting ../static/styles/fallback.scss
07-09-2025 -> 21:08:22 - Deleting ../editor.html
07-09-2025 -> 21:08:22 - Directory ../editor.html doesn't exist!
07-09-2025 -> 21:08:22 - Generating sitemap.xml...
07-09-2025 -> 21:08:22 - Deleting ../@preview
07-09-2025 -> 21:08:22 - Directory ../@preview doesn't exist!
07-09-2025 -> 21:08:22 - Building process completed!
07-09-2025 -> 21:08:22 - Option Selected:  (if none, probably 2)
07-09-2025 -> 21:08:48 - 

[OK] ===> Python loaded on Darwin. Starting new instance at PID: 29131 | UTS: 1752106128.704264

07-09-2025 -> 21:08:48 - Debug mode is enabled! Debug = True
07-09-2025 -> 21:08:48 - 

0 -> Quit
1 -> Start Building
2 -> Quick Build (Prod)
3 -> Quick Build (Preview)
4 -> Clear Project

07-09-2025 -> 21:08:48 - Here is the case study projects: [{'page_path': '/case-studies/case-study-hubspot-to-teamwork-integration.html', 'case_id': 'microsaas-case', 'case_logo': 'microsaas_icon.webp', 'case_logo_alt': 'HubSpot to Teamwork Integration logo', 'case_title': 'HubSpot to Teamwork Integration', 'case_cta': 'Read Case Study', 'is_case_study': 'TRUE', 'case_description': 'A HubSpot integrated micro-saas solution for Teamwork users. Manage and track client projects from HubSpot.', 'project_type': 'General,Development'}, {'page_path': '/case-studies/case-study-cultura.html', 'case_id': 'cultura-case', 'case_logo': 'Cultura-logomark.svg', 'case_logo_alt': 'Cultura App Logo', 'case_title': 'Cultura App', 'case_cta': 'Read Case Study', 'is_case_study': 'TRUE', 'case_description': 'A HubSpot integrated app that hooks into the major parts of the platform to allow for job and applicant management.', 'project_type': 'General,Development'}]
07-09-2025 -> 21:08:48 - template_content read!
07-09-2025 -> 21:08:48 - Extracted metadata: {'templateType': '"none"', 'isAvailableForNewContent': 'false', 'label': 'Base Engine', 'pageName': '{% if current_page_name %}{{ current_page_name }}{% else %}Not needed!{% endif %}', 'pageURL': '{% if current_page_url %}{{ current_page_url }}{% else %}Not needed!{% endif %}'}
07-09-2025 -> 21:08:48 - Template: _layouts/base.html, Page metadata: {'templateType': '"none"', 'isAvailableForNewContent': 'false', 'label': 'Base Engine', 'pageName': '{% if current_page_name %}{{ current_page_name }}{% else %}Not needed!{% endif %}', 'pageURL': '{% if current_page_url %}{{ current_page_url }}{% else %}Not needed!{% endif %}'}
07-09-2025 -> 21:08:48 - Skipping page: _layouts/base.html because 'isAvailableForNewContent' is false
07-09-2025 -> 21:08:48 - template_content read!
07-09-2025 -> 21:08:48 - Extracted metadata: {'templateType': 'global_partial', 'isAvailableForNewContent': 'false', 'label': 'Website header', 'pageName': '{% if current_page_name %}{{ current_page_name }}{% else %}Not needed!{% endif %}', 'pageURL': '{% if current_page_url %}{{ current_page_url }}{% else %}Not needed!{% endif %}'}
07-09-2025 -> 21:08:48 - Template: _partials/header.html, Page metadata: {'templateType': 'global_partial', 'isAvailableForNewContent': 'false', 'label': 'Website header', 'pageName': '{% if current_page_name %}{{ current_page_name }}{% else %}Not needed!{% endif %}', 'pageURL': '{% if current_page_url %}{{ current_page_url }}{% else %}Not needed!{% endif %}'}
07-09-2025 -> 21:08:48 - Skipping page: _partials/header.html because 'isAvailableForNewContent' is false
07-09-2025 -> 21:08:48 - template_content read!
07-09-2025 -> 21:08:48 - Extracted metadata: {'templateType': 'page', 'isAvailableForNewContent': 'true', 'label': 'Home | Case Studies Listing', 'pageName': '{% if current_page_name %}{{ current_page_name }}{% else %}Not needed!{% endif %}', 'pageURL': '{% if current_page_url %}{{ current_page_url }}{% else %}Not needed!{% endif %}'}
07-09-2025 -> 21:08:48 - Template: index.html, Page metadata: {'templateType': 'page', 'isAvailableForNewContent': 'true', 'label': 'Home | Case Studies Listing', 'pageName': '{% if current_page_name %}{{ current_page_name }}{% else %}Not needed!{% endif %}', 'pageURL': '{% if current_page_url %}{{ current_page_url }}{% else %}Not needed!{% endif %}'}
07-09-2025 -> 21:08:48 - Rendering page: index.html with URL: https://nickdesign.netlify.app/index.html
07-09-2025 -> 21:08:48 - Extracted metadata: {'templateType': 'page', 'isAvailableForNewContent': 'true', 'label': 'Home | Case Studies Listing', 'pageName': '{% if current_page_name %}{{ current_page_name }}{% else %}Not needed!{% endif %}', 'pageURL': '{% if current_page_url %}{{ current_page_url }}{% else %}Not needed!{% endif %}'}
07-09-2025 -> 21:08:48 - Optimizing files...
07-09-2025 -> 21:08:48 - Current working directory is /Users/dreamer/Documents/Source Codes/Personal/Static-portfolio-nick-gen2/@src
07-09-2025 -> 21:08:48 - Minifying files is enabled!
07-09-2025 -> 21:08:48 - Error decoding file: .DS_Store
07-09-2025 -> 21:08:48 - Error decoding file: .DS_Store
07-09-2025 -> 21:08:48 - Minifying base64js.min.js
07-09-2025 -> 21:08:48 - Minifying passwd_backup.js
07-09-2025 -> 21:08:48 - Minifying loader0522.js
07-09-2025 -> 21:08:48 - Minifying grapesjs-plugin-toolbox.min.js
07-09-2025 -> 21:08:48 - Minifying grapesjs-rulers.min.js
07-09-2025 -> 21:08:48 - Minifying splide.min.js
07-09-2025 -> 21:08:48 - Minifying theme_mode.js
07-09-2025 -> 21:08:48 - Minifying cookieconsent.min.js
07-09-2025 -> 21:08:48 - Minifying grapesjs-plugin-export.js
07-09-2025 -> 21:08:48 - Minifying main.js
07-09-2025 -> 21:08:48 - Minifying splide-autoscroll.min.js
07-09-2025 -> 21:08:48 - Minifying grapes.min.js
07-09-2025 -> 21:08:48 - Minifying password-engine.js
07-09-2025 -> 21:08:48 - Minifying grapesjs-custom-code.js
07-09-2025 -> 21:08:48 - Minifying passwd.js
07-09-2025 -> 21:08:48 - Minifying jquery-3.6.3.min.js
07-09-2025 -> 21:08:48 - Minifying grapesjs-parser-postcss.js
07-09-2025 -> 21:08:48 - Minifying consentConfig.js
07-09-2025 -> 21:08:48 - Minifying blog.html
07-09-2025 -> 21:08:48 - Minifying index.html
07-09-2025 -> 21:08:48 - Error decoding file: .DS_Store
07-09-2025 -> 21:08:48 - Minifying privacy-policy.html
07-09-2025 -> 21:08:48 - Minifying 404.html
07-09-2025 -> 21:08:48 - Minifying resources.html
07-09-2025 -> 21:08:48 - Minifying aboutme.html
07-09-2025 -> 21:08:48 - Minifying gulpfile.js
07-09-2025 -> 21:08:48 - Minifying ed-panel-dev.html
07-09-2025 -> 21:08:48 - Minifying password.html
07-09-2025 -> 21:08:48 - Minifying case-study-cultura.html
07-09-2025 -> 21:08:48 - Minifying case-study-hubspot-to-teamwork-integration.html
07-09-2025 -> 21:08:48 - Minifying case-study-resources-center-hubdb.html
07-09-2025 -> 21:08:48 - Minifying hubdb-data-management-in-hubspot.html
07-09-2025 -> 21:08:48 - Minifying Navigating-the-Shift-Transitioning-Your-Blog-to-HubSpot-CMS.html
07-09-2025 -> 21:08:48 - Minifying implement-dynamic-news-content-in-hubspot.html
07-09-2025 -> 21:08:48 - Deleting ../_partials
07-09-2025 -> 21:08:48 - Deleting ../_modules
07-09-2025 -> 21:08:48 - Directory ../_modules doesn't exist!
07-09-2025 -> 21:08:48 - Deleting ../@cms
07-09-2025 -> 21:08:48 - Directory ../@cms doesn't exist!
07-09-2025 -> 21:08:48 - Deleting ../_layouts
07-09-2025 -> 21:08:48 - Deleting ../_layouts/base.html
07-09-2025 -> 21:08:48 - Directory ../_layouts/base.html doesn't exist!
07-09-2025 -> 21:08:48 - Deleting ../Resources
07-09-2025 -> 21:08:48 - Deleting ../SNL.py
07-09-2025 -> 21:08:48 - Deleting ../requirements.txt
07-09-2025 -> 21:08:48 - Deleting ../static/styles/00_settings
07-09-2025 -> 21:08:48 - Deleting ../static/styles/02_base
07-09-2025 -> 21:08:48 - Deleting ../static/styles/03_components/_default-modules.scss
07-09-2025 -> 21:08:48 - Deleting ../static/styles/04_trumps
07-09-2025 -> 21:08:48 - Deleting ../static/styles/compiled
07-09-2025 -> 21:08:48 - Deleting ../styles-engine.css
07-09-2025 -> 21:08:48 - Deleting ../static/styles/fallback.css
07-09-2025 -> 21:08:48 - Deleting ../static/styles/master.scss
07-09-2025 -> 21:08:48 - Deleting ../static/styles/fallback.scss
07-09-2025 -> 21:08:48 - Deleting ../editor.html
07-09-2025 -> 21:08:48 - Directory ../editor.html doesn't exist!
07-09-2025 -> 21:08:48 - Generating sitemap.xml...
07-09-2025 -> 21:08:48 - Deleting ../@preview
07-09-2025 -> 21:08:48 - Directory ../@preview doesn't exist!
07-09-2025 -> 21:08:48 - Building process completed!
07-09-2025 -> 21:08:48 - Option Selected:  (if none, probably 2)
07-09-2025 -> 21:09:51 - 

[OK] ===> Python loaded on Darwin. Starting new instance at PID: 29300 | UTS: 1752106191.863939

07-09-2025 -> 21:09:51 - Debug mode is enabled! Debug = True
07-09-2025 -> 21:09:51 - 

0 -> Quit
1 -> Start Building
2 -> Quick Build (Prod)
3 -> Quick Build (Preview)
4 -> Clear Project

07-09-2025 -> 21:09:51 - Here is the case study projects: [{'page_path': '/case-studies/case-study-hubspot-to-teamwork-integration.html', 'case_id': 'microsaas-case', 'case_logo': 'microsaas_icon.webp', 'case_logo_alt': 'HubSpot to Teamwork Integration logo', 'case_title': 'HubSpot to Teamwork Integration', 'case_cta': 'Read Case Study', 'is_case_study': 'TRUE', 'case_description': 'A HubSpot integrated micro-saas solution for Teamwork users. Manage and track client projects from HubSpot.', 'project_type': 'General,Development'}, {'page_path': '/case-studies/case-study-cultura.html', 'case_id': 'cultura-case', 'case_logo': 'Cultura-logomark.svg', 'case_logo_alt': 'Cultura App Logo', 'case_title': 'Cultura App', 'case_cta': 'Read Case Study', 'is_case_study': 'TRUE', 'case_description': 'A HubSpot integrated app that hooks into the major parts of the platform to allow for job and applicant management.', 'project_type': 'General,Development'}]
07-09-2025 -> 21:09:51 - template_content read!
07-09-2025 -> 21:09:51 - Extracted metadata: {'templateType': '"none"', 'isAvailableForNewContent': 'false', 'label': 'Base Engine', 'pageName': '{% if current_page_name %}{{ current_page_name }}{% else %}Not needed!{% endif %}', 'pageURL': '{% if current_page_url %}{{ current_page_url }}{% else %}Not needed!{% endif %}'}
07-09-2025 -> 21:09:51 - Template: _layouts/base.html, Page metadata: {'templateType': '"none"', 'isAvailableForNewContent': 'false', 'label': 'Base Engine', 'pageName': '{% if current_page_name %}{{ current_page_name }}{% else %}Not needed!{% endif %}', 'pageURL': '{% if current_page_url %}{{ current_page_url }}{% else %}Not needed!{% endif %}'}
07-09-2025 -> 21:09:51 - Skipping page: _layouts/base.html because 'isAvailableForNewContent' is false
07-09-2025 -> 21:09:51 - template_content read!
07-09-2025 -> 21:09:51 - Extracted metadata: {'templateType': 'global_partial', 'isAvailableForNewContent': 'false', 'label': 'Website header', 'pageName': '{% if current_page_name %}{{ current_page_name }}{% else %}Not needed!{% endif %}', 'pageURL': '{% if current_page_url %}{{ current_page_url }}{% else %}Not needed!{% endif %}'}
07-09-2025 -> 21:09:51 - Template: _partials/header.html, Page metadata: {'templateType': 'global_partial', 'isAvailableForNewContent': 'false', 'label': 'Website header', 'pageName': '{% if current_page_name %}{{ current_page_name }}{% else %}Not needed!{% endif %}', 'pageURL': '{% if current_page_url %}{{ current_page_url }}{% else %}Not needed!{% endif %}'}
07-09-2025 -> 21:09:51 - Skipping page: _partials/header.html because 'isAvailableForNewContent' is false
07-09-2025 -> 21:09:51 - template_content read!
07-09-2025 -> 21:09:51 - Extracted metadata: {'templateType': 'page', 'isAvailableForNewContent': 'true', 'label': 'Home | Case Studies Listing', 'pageName': '{% if current_page_name %}{{ current_page_name }}{% else %}Not needed!{% endif %}', 'pageURL': '{% if current_page_url %}{{ current_page_url }}{% else %}Not needed!{% endif %}'}
07-09-2025 -> 21:09:51 - Template: index.html, Page metadata: {'templateType': 'page', 'isAvailableForNewContent': 'true', 'label': 'Home | Case Studies Listing', 'pageName': '{% if current_page_name %}{{ current_page_name }}{% else %}Not needed!{% endif %}', 'pageURL': '{% if current_page_url %}{{ current_page_url }}{% else %}Not needed!{% endif %}'}
07-09-2025 -> 21:09:51 - Rendering page: index.html with URL: https://nickdesign.netlify.app/index.html
07-09-2025 -> 21:09:51 - Extracted metadata: {'templateType': 'page', 'isAvailableForNewContent': 'true', 'label': 'Home | Case Studies Listing', 'pageName': '{% if current_page_name %}{{ current_page_name }}{% else %}Not needed!{% endif %}', 'pageURL': '{% if current_page_url %}{{ current_page_url }}{% else %}Not needed!{% endif %}'}
07-09-2025 -> 21:09:51 - Optimizing files...
07-09-2025 -> 21:09:51 - Current working directory is /Users/dreamer/Documents/Source Codes/Personal/Static-portfolio-nick-gen2/@src
07-09-2025 -> 21:09:51 - Minifying files is enabled!
07-09-2025 -> 21:09:51 - Error decoding file: .DS_Store
07-09-2025 -> 21:09:51 - Error decoding file: .DS_Store
07-09-2025 -> 21:09:51 - Minifying base64js.min.js
07-09-2025 -> 21:09:51 - Minifying passwd_backup.js
07-09-2025 -> 21:09:51 - Minifying loader0522.js
07-09-2025 -> 21:09:51 - Minifying grapesjs-plugin-toolbox.min.js
07-09-2025 -> 21:09:51 - Minifying grapesjs-rulers.min.js
07-09-2025 -> 21:09:51 - Minifying splide.min.js
07-09-2025 -> 21:09:51 - Minifying theme_mode.js
07-09-2025 -> 21:09:51 - Minifying cookieconsent.min.js
07-09-2025 -> 21:09:51 - Minifying grapesjs-plugin-export.js
07-09-2025 -> 21:09:51 - Minifying main.js
07-09-2025 -> 21:09:51 - Minifying splide-autoscroll.min.js
07-09-2025 -> 21:09:51 - Minifying grapes.min.js
07-09-2025 -> 21:09:51 - Minifying password-engine.js
07-09-2025 -> 21:09:51 - Minifying grapesjs-custom-code.js
07-09-2025 -> 21:09:51 - Minifying passwd.js
07-09-2025 -> 21:09:51 - Minifying jquery-3.6.3.min.js
07-09-2025 -> 21:09:51 - Minifying grapesjs-parser-postcss.js
07-09-2025 -> 21:09:51 - Minifying consentConfig.js
07-09-2025 -> 21:09:51 - Minifying blog.html
07-09-2025 -> 21:09:51 - Minifying index.html
07-09-2025 -> 21:09:51 - Error decoding file: .DS_Store
07-09-2025 -> 21:09:51 - Minifying privacy-policy.html
07-09-2025 -> 21:09:51 - Minifying 404.html
07-09-2025 -> 21:09:51 - Minifying resources.html
07-09-2025 -> 21:09:51 - Minifying aboutme.html
07-09-2025 -> 21:09:51 - Minifying gulpfile.js
07-09-2025 -> 21:09:51 - Minifying ed-panel-dev.html
07-09-2025 -> 21:09:51 - Minifying password.html
07-09-2025 -> 21:09:51 - Minifying case-study-cultura.html
07-09-2025 -> 21:09:51 - Minifying case-study-hubspot-to-teamwork-integration.html
07-09-2025 -> 21:09:51 - Minifying case-study-resources-center-hubdb.html
07-09-2025 -> 21:09:51 - Minifying hubdb-data-management-in-hubspot.html
07-09-2025 -> 21:09:51 - Minifying Navigating-the-Shift-Transitioning-Your-Blog-to-HubSpot-CMS.html
07-09-2025 -> 21:09:51 - Minifying implement-dynamic-news-content-in-hubspot.html
07-09-2025 -> 21:09:51 - Deleting ../_partials
07-09-2025 -> 21:09:51 - Deleting ../_modules
07-09-2025 -> 21:09:51 - Directory ../_modules doesn't exist!
07-09-2025 -> 21:09:51 - Deleting ../@cms
07-09-2025 -> 21:09:51 - Directory ../@cms doesn't exist!
07-09-2025 -> 21:09:51 - Deleting ../_layouts
07-09-2025 -> 21:09:51 - Deleting ../_layouts/base.html
07-09-2025 -> 21:09:51 - Directory ../_layouts/base.html doesn't exist!
07-09-2025 -> 21:09:51 - Deleting ../Resources
07-09-2025 -> 21:09:51 - Deleting ../SNL.py
07-09-2025 -> 21:09:51 - Deleting ../requirements.txt
07-09-2025 -> 21:09:51 - Deleting ../static/styles/00_settings
07-09-2025 -> 21:09:51 - Deleting ../static/styles/02_base
07-09-2025 -> 21:09:51 - Deleting ../static/styles/03_components/_default-modules.scss
07-09-2025 -> 21:09:51 - Deleting ../static/styles/04_trumps
07-09-2025 -> 21:09:51 - Deleting ../static/styles/compiled
07-09-2025 -> 21:09:51 - Deleting ../styles-engine.css
07-09-2025 -> 21:09:51 - Deleting ../static/styles/fallback.css
07-09-2025 -> 21:09:51 - Deleting ../static/styles/master.scss
07-09-2025 -> 21:09:51 - Deleting ../static/styles/fallback.scss
07-09-2025 -> 21:09:51 - Deleting ../editor.html
07-09-2025 -> 21:09:51 - Directory ../editor.html doesn't exist!
07-09-2025 -> 21:09:51 - Generating sitemap.xml...
07-09-2025 -> 21:09:51 - Deleting ../@preview
07-09-2025 -> 21:09:51 - Directory ../@preview doesn't exist!
07-09-2025 -> 21:09:51 - Building process completed!
07-09-2025 -> 21:09:51 - Option Selected:  (if none, probably 2)
07-09-2025 -> 21:10:29 - 

[OK] ===> Python loaded on Darwin. Starting new instance at PID: 29454 | UTS: 1752106229.379236

07-09-2025 -> 21:10:29 - Debug mode is enabled! Debug = True
07-09-2025 -> 21:10:29 - 

0 -> Quit
1 -> Start Building
2 -> Quick Build (Prod)
3 -> Quick Build (Preview)
4 -> Clear Project

07-09-2025 -> 21:10:29 - Here is the case study projects: [{'page_path': '/case-studies/case-study-hubspot-to-teamwork-integration.html', 'case_id': 'microsaas-case', 'case_logo': 'microsaas_icon.webp', 'case_logo_alt': 'HubSpot to Teamwork Integration logo', 'case_title': 'HubSpot to Teamwork Integration', 'case_cta': 'Read Case Study', 'is_case_study': 'TRUE', 'case_description': 'A HubSpot integrated micro-saas solution for Teamwork users. Manage and track client projects from HubSpot.', 'project_type': 'General,Development'}, {'page_path': '/case-studies/case-study-cultura.html', 'case_id': 'cultura-case', 'case_logo': 'Cultura-logomark.svg', 'case_logo_alt': 'Cultura App Logo', 'case_title': 'Cultura App', 'case_cta': 'Read Case Study', 'is_case_study': 'TRUE', 'case_description': 'A HubSpot integrated app that hooks into the major parts of the platform to allow for job and applicant management.', 'project_type': 'General,Development'}]
07-09-2025 -> 21:10:29 - template_content read!
07-09-2025 -> 21:10:29 - Extracted metadata: {'templateType': '"none"', 'isAvailableForNewContent': 'false', 'label': 'Base Engine', 'pageName': '{% if current_page_name %}{{ current_page_name }}{% else %}Not needed!{% endif %}', 'pageURL': '{% if current_page_url %}{{ current_page_url }}{% else %}Not needed!{% endif %}'}
07-09-2025 -> 21:10:29 - Template: _layouts/base.html, Page metadata: {'templateType': '"none"', 'isAvailableForNewContent': 'false', 'label': 'Base Engine', 'pageName': '{% if current_page_name %}{{ current_page_name }}{% else %}Not needed!{% endif %}', 'pageURL': '{% if current_page_url %}{{ current_page_url }}{% else %}Not needed!{% endif %}'}
07-09-2025 -> 21:10:29 - Skipping page: _layouts/base.html because 'isAvailableForNewContent' is false
07-09-2025 -> 21:10:29 - template_content read!
07-09-2025 -> 21:10:29 - Extracted metadata: {'templateType': 'global_partial', 'isAvailableForNewContent': 'false', 'label': 'Website header', 'pageName': '{% if current_page_name %}{{ current_page_name }}{% else %}Not needed!{% endif %}', 'pageURL': '{% if current_page_url %}{{ current_page_url }}{% else %}Not needed!{% endif %}'}
07-09-2025 -> 21:10:29 - Template: _partials/header.html, Page metadata: {'templateType': 'global_partial', 'isAvailableForNewContent': 'false', 'label': 'Website header', 'pageName': '{% if current_page_name %}{{ current_page_name }}{% else %}Not needed!{% endif %}', 'pageURL': '{% if current_page_url %}{{ current_page_url }}{% else %}Not needed!{% endif %}'}
07-09-2025 -> 21:10:29 - Skipping page: _partials/header.html because 'isAvailableForNewContent' is false
07-09-2025 -> 21:10:29 - template_content read!
07-09-2025 -> 21:10:29 - Extracted metadata: {'templateType': 'page', 'isAvailableForNewContent': 'true', 'label': 'Home | Case Studies Listing', 'pageName': '{% if current_page_name %}{{ current_page_name }}{% else %}Not needed!{% endif %}', 'pageURL': '{% if current_page_url %}{{ current_page_url }}{% else %}Not needed!{% endif %}'}
07-09-2025 -> 21:10:29 - Template: index.html, Page metadata: {'templateType': 'page', 'isAvailableForNewContent': 'true', 'label': 'Home | Case Studies Listing', 'pageName': '{% if current_page_name %}{{ current_page_name }}{% else %}Not needed!{% endif %}', 'pageURL': '{% if current_page_url %}{{ current_page_url }}{% else %}Not needed!{% endif %}'}
07-09-2025 -> 21:10:29 - Rendering page: index.html with URL: https://nickdesign.netlify.app/index.html
07-09-2025 -> 21:10:29 - Extracted metadata: {'templateType': 'page', 'isAvailableForNewContent': 'true', 'label': 'Home | Case Studies Listing', 'pageName': '{% if current_page_name %}{{ current_page_name }}{% else %}Not needed!{% endif %}', 'pageURL': '{% if current_page_url %}{{ current_page_url }}{% else %}Not needed!{% endif %}'}
07-09-2025 -> 21:10:29 - Optimizing files...
07-09-2025 -> 21:10:29 - Current working directory is /Users/dreamer/Documents/Source Codes/Personal/Static-portfolio-nick-gen2/@src
07-09-2025 -> 21:10:29 - Minifying files is enabled!
07-09-2025 -> 21:10:29 - Error decoding file: .DS_Store
07-09-2025 -> 21:10:29 - Error decoding file: .DS_Store
07-09-2025 -> 21:10:29 - Minifying base64js.min.js
07-09-2025 -> 21:10:29 - Minifying passwd_backup.js
07-09-2025 -> 21:10:29 - Minifying loader0522.js
07-09-2025 -> 21:10:29 - Minifying grapesjs-plugin-toolbox.min.js
07-09-2025 -> 21:10:29 - Minifying grapesjs-rulers.min.js
07-09-2025 -> 21:10:29 - Minifying splide.min.js
07-09-2025 -> 21:10:29 - Minifying theme_mode.js
07-09-2025 -> 21:10:29 - Minifying cookieconsent.min.js
07-09-2025 -> 21:10:29 - Minifying grapesjs-plugin-export.js
07-09-2025 -> 21:10:29 - Minifying main.js
07-09-2025 -> 21:10:29 - Minifying splide-autoscroll.min.js
07-09-2025 -> 21:10:29 - Minifying grapes.min.js
07-09-2025 -> 21:10:29 - Minifying password-engine.js
07-09-2025 -> 21:10:29 - Minifying grapesjs-custom-code.js
07-09-2025 -> 21:10:29 - Minifying passwd.js
07-09-2025 -> 21:10:29 - Minifying jquery-3.6.3.min.js
07-09-2025 -> 21:10:29 - Minifying grapesjs-parser-postcss.js
07-09-2025 -> 21:10:29 - Minifying consentConfig.js
07-09-2025 -> 21:10:29 - Minifying blog.html
07-09-2025 -> 21:10:29 - Minifying index.html
07-09-2025 -> 21:10:29 - Error decoding file: .DS_Store
07-09-2025 -> 21:10:29 - Minifying privacy-policy.html
07-09-2025 -> 21:10:29 - Minifying 404.html
07-09-2025 -> 21:10:29 - Minifying resources.html
07-09-2025 -> 21:10:29 - Minifying aboutme.html
07-09-2025 -> 21:10:29 - Minifying gulpfile.js
07-09-2025 -> 21:10:29 - Minifying ed-panel-dev.html
07-09-2025 -> 21:10:29 - Minifying password.html
07-09-2025 -> 21:10:29 - Minifying case-study-cultura.html
07-09-2025 -> 21:10:29 - Minifying case-study-hubspot-to-teamwork-integration.html
07-09-2025 -> 21:10:29 - Minifying case-study-resources-center-hubdb.html
07-09-2025 -> 21:10:29 - Minifying hubdb-data-management-in-hubspot.html
07-09-2025 -> 21:10:29 - Minifying Navigating-the-Shift-Transitioning-Your-Blog-to-HubSpot-CMS.html
07-09-2025 -> 21:10:29 - Minifying implement-dynamic-news-content-in-hubspot.html
07-09-2025 -> 21:10:29 - Deleting ../_partials
07-09-2025 -> 21:10:29 - Deleting ../_modules
07-09-2025 -> 21:10:29 - Directory ../_modules doesn't exist!
07-09-2025 -> 21:10:29 - Deleting ../@cms
07-09-2025 -> 21:10:29 - Directory ../@cms doesn't exist!
07-09-2025 -> 21:10:29 - Deleting ../_layouts
07-09-2025 -> 21:10:29 - Deleting ../_layouts/base.html
07-09-2025 -> 21:10:29 - Directory ../_layouts/base.html doesn't exist!
07-09-2025 -> 21:10:29 - Deleting ../Resources
07-09-2025 -> 21:10:29 - Deleting ../SNL.py
07-09-2025 -> 21:10:29 - Deleting ../requirements.txt
07-09-2025 -> 21:10:29 - Deleting ../static/styles/00_settings
07-09-2025 -> 21:10:29 - Deleting ../static/styles/02_base
07-09-2025 -> 21:10:29 - Deleting ../static/styles/03_components/_default-modules.scss
07-09-2025 -> 21:10:29 - Deleting ../static/styles/04_trumps
07-09-2025 -> 21:10:29 - Deleting ../static/styles/compiled
07-09-2025 -> 21:10:29 - Deleting ../styles-engine.css
07-09-2025 -> 21:10:29 - Deleting ../static/styles/fallback.css
07-09-2025 -> 21:10:29 - Deleting ../static/styles/master.scss
07-09-2025 -> 21:10:29 - Deleting ../static/styles/fallback.scss
07-09-2025 -> 21:10:29 - Deleting ../editor.html
07-09-2025 -> 21:10:29 - Directory ../editor.html doesn't exist!
07-09-2025 -> 21:10:29 - Generating sitemap.xml...
07-09-2025 -> 21:10:29 - Deleting ../@preview
07-09-2025 -> 21:10:29 - Directory ../@preview doesn't exist!
07-09-2025 -> 21:10:29 - Building process completed!
07-09-2025 -> 21:10:29 - Option Selected:  (if none, probably 2)
07-09-2025 -> 21:10:57 - 

[OK] ===> Python loaded on Darwin. Starting new instance at PID: 29611 | UTS: 1752106257.5756328

07-09-2025 -> 21:10:57 - Debug mode is enabled! Debug = True
07-09-2025 -> 21:10:57 - 

0 -> Quit
1 -> Start Building
2 -> Quick Build (Prod)
3 -> Quick Build (Preview)
4 -> Clear Project

07-09-2025 -> 21:10:57 - Here is the case study projects: [{'page_path': '/case-studies/case-study-hubspot-to-teamwork-integration.html', 'case_id': 'microsaas-case', 'case_logo': 'microsaas_icon.webp', 'case_logo_alt': 'HubSpot to Teamwork Integration logo', 'case_title': 'HubSpot to Teamwork Integration', 'case_cta': 'Read Case Study', 'is_case_study': 'TRUE', 'case_description': 'A HubSpot integrated micro-saas solution for Teamwork users. Manage and track client projects from HubSpot.', 'project_type': 'General,Development'}, {'page_path': '/case-studies/case-study-cultura.html', 'case_id': 'cultura-case', 'case_logo': 'Cultura-logomark.svg', 'case_logo_alt': 'Cultura App Logo', 'case_title': 'Cultura App', 'case_cta': 'Read Case Study', 'is_case_study': 'TRUE', 'case_description': 'A HubSpot integrated app that hooks into the major parts of the platform to allow for job and applicant management.', 'project_type': 'General,Development'}]
07-09-2025 -> 21:10:57 - template_content read!
07-09-2025 -> 21:10:57 - Extracted metadata: {'templateType': '"none"', 'isAvailableForNewContent': 'false', 'label': 'Base Engine', 'pageName': '{% if current_page_name %}{{ current_page_name }}{% else %}Not needed!{% endif %}', 'pageURL': '{% if current_page_url %}{{ current_page_url }}{% else %}Not needed!{% endif %}'}
07-09-2025 -> 21:10:57 - Template: _layouts/base.html, Page metadata: {'templateType': '"none"', 'isAvailableForNewContent': 'false', 'label': 'Base Engine', 'pageName': '{% if current_page_name %}{{ current_page_name }}{% else %}Not needed!{% endif %}', 'pageURL': '{% if current_page_url %}{{ current_page_url }}{% else %}Not needed!{% endif %}'}
07-09-2025 -> 21:10:57 - Skipping page: _layouts/base.html because 'isAvailableForNewContent' is false
07-09-2025 -> 21:10:57 - template_content read!
07-09-2025 -> 21:10:57 - Extracted metadata: {'templateType': 'global_partial', 'isAvailableForNewContent': 'false', 'label': 'Website header', 'pageName': '{% if current_page_name %}{{ current_page_name }}{% else %}Not needed!{% endif %}', 'pageURL': '{% if current_page_url %}{{ current_page_url }}{% else %}Not needed!{% endif %}'}
07-09-2025 -> 21:10:57 - Template: _partials/header.html, Page metadata: {'templateType': 'global_partial', 'isAvailableForNewContent': 'false', 'label': 'Website header', 'pageName': '{% if current_page_name %}{{ current_page_name }}{% else %}Not needed!{% endif %}', 'pageURL': '{% if current_page_url %}{{ current_page_url }}{% else %}Not needed!{% endif %}'}
07-09-2025 -> 21:10:57 - Skipping page: _partials/header.html because 'isAvailableForNewContent' is false
07-09-2025 -> 21:10:57 - template_content read!
07-09-2025 -> 21:10:57 - Extracted metadata: {'templateType': 'page', 'isAvailableForNewContent': 'true', 'label': 'Home | Case Studies Listing', 'pageName': '{% if current_page_name %}{{ current_page_name }}{% else %}Not needed!{% endif %}', 'pageURL': '{% if current_page_url %}{{ current_page_url }}{% else %}Not needed!{% endif %}'}
07-09-2025 -> 21:10:57 - Template: index.html, Page metadata: {'templateType': 'page', 'isAvailableForNewContent': 'true', 'label': 'Home | Case Studies Listing', 'pageName': '{% if current_page_name %}{{ current_page_name }}{% else %}Not needed!{% endif %}', 'pageURL': '{% if current_page_url %}{{ current_page_url }}{% else %}Not needed!{% endif %}'}
07-09-2025 -> 21:10:57 - Rendering page: index.html with URL: https://nickdesign.netlify.app/index.html
07-09-2025 -> 21:10:57 - Extracted metadata: {'templateType': 'page', 'isAvailableForNewContent': 'true', 'label': 'Home | Case Studies Listing', 'pageName': '{% if current_page_name %}{{ current_page_name }}{% else %}Not needed!{% endif %}', 'pageURL': '{% if current_page_url %}{{ current_page_url }}{% else %}Not needed!{% endif %}'}
07-09-2025 -> 21:10:57 - Optimizing files...
07-09-2025 -> 21:10:57 - Current working directory is /Users/dreamer/Documents/Source Codes/Personal/Static-portfolio-nick-gen2/@src
07-09-2025 -> 21:10:57 - Minifying files is enabled!
07-09-2025 -> 21:10:57 - Error decoding file: .DS_Store
07-09-2025 -> 21:10:57 - Error decoding file: .DS_Store
07-09-2025 -> 21:10:57 - Minifying base64js.min.js
07-09-2025 -> 21:10:57 - Minifying passwd_backup.js
07-09-2025 -> 21:10:57 - Minifying loader0522.js
07-09-2025 -> 21:10:57 - Minifying grapesjs-plugin-toolbox.min.js
07-09-2025 -> 21:10:57 - Minifying grapesjs-rulers.min.js
07-09-2025 -> 21:10:57 - Minifying splide.min.js
07-09-2025 -> 21:10:57 - Minifying theme_mode.js
07-09-2025 -> 21:10:57 - Minifying cookieconsent.min.js
07-09-2025 -> 21:10:57 - Minifying grapesjs-plugin-export.js
07-09-2025 -> 21:10:57 - Minifying main.js
07-09-2025 -> 21:10:57 - Minifying splide-autoscroll.min.js
07-09-2025 -> 21:10:57 - Minifying grapes.min.js
07-09-2025 -> 21:10:57 - Minifying password-engine.js
07-09-2025 -> 21:10:57 - Minifying grapesjs-custom-code.js
07-09-2025 -> 21:10:57 - Minifying passwd.js
07-09-2025 -> 21:10:57 - Minifying jquery-3.6.3.min.js
07-09-2025 -> 21:10:57 - Minifying grapesjs-parser-postcss.js
07-09-2025 -> 21:10:57 - Minifying consentConfig.js
07-09-2025 -> 21:10:57 - Minifying blog.html
07-09-2025 -> 21:10:57 - Minifying index.html
07-09-2025 -> 21:10:57 - Error decoding file: .DS_Store
07-09-2025 -> 21:10:57 - Minifying privacy-policy.html
07-09-2025 -> 21:10:57 - Minifying 404.html
07-09-2025 -> 21:10:57 - Minifying resources.html
07-09-2025 -> 21:10:57 - Minifying aboutme.html
07-09-2025 -> 21:10:57 - Minifying gulpfile.js
07-09-2025 -> 21:10:57 - Minifying ed-panel-dev.html
07-09-2025 -> 21:10:57 - Minifying password.html
07-09-2025 -> 21:10:57 - Minifying case-study-cultura.html
07-09-2025 -> 21:10:57 - Minifying case-study-hubspot-to-teamwork-integration.html
07-09-2025 -> 21:10:57 - Minifying case-study-resources-center-hubdb.html
07-09-2025 -> 21:10:57 - Minifying hubdb-data-management-in-hubspot.html
07-09-2025 -> 21:10:57 - Minifying Navigating-the-Shift-Transitioning-Your-Blog-to-HubSpot-CMS.html
07-09-2025 -> 21:10:57 - Minifying implement-dynamic-news-content-in-hubspot.html
07-09-2025 -> 21:10:57 - Deleting ../_partials
07-09-2025 -> 21:10:57 - Deleting ../_modules
07-09-2025 -> 21:10:57 - Directory ../_modules doesn't exist!
07-09-2025 -> 21:10:57 - Deleting ../@cms
07-09-2025 -> 21:10:57 - Directory ../@cms doesn't exist!
07-09-2025 -> 21:10:57 - Deleting ../_layouts
07-09-2025 -> 21:10:57 - Deleting ../_layouts/base.html
07-09-2025 -> 21:10:57 - Directory ../_layouts/base.html doesn't exist!
07-09-2025 -> 21:10:57 - Deleting ../Resources
07-09-2025 -> 21:10:57 - Deleting ../SNL.py
07-09-2025 -> 21:10:57 - Deleting ../requirements.txt
07-09-2025 -> 21:10:57 - Deleting ../static/styles/00_settings
07-09-2025 -> 21:10:57 - Deleting ../static/styles/02_base
07-09-2025 -> 21:10:57 - Deleting ../static/styles/03_components/_default-modules.scss
07-09-2025 -> 21:10:57 - Deleting ../static/styles/04_trumps
07-09-2025 -> 21:10:57 - Deleting ../static/styles/compiled
07-09-2025 -> 21:10:57 - Deleting ../styles-engine.css
07-09-2025 -> 21:10:57 - Deleting ../static/styles/fallback.css
07-09-2025 -> 21:10:57 - Deleting ../static/styles/master.scss
07-09-2025 -> 21:10:57 - Deleting ../static/styles/fallback.scss
07-09-2025 -> 21:10:57 - Deleting ../editor.html
07-09-2025 -> 21:10:57 - Directory ../editor.html doesn't exist!
07-09-2025 -> 21:10:57 - Generating sitemap.xml...
07-09-2025 -> 21:10:57 - Deleting ../@preview
07-09-2025 -> 21:10:57 - Directory ../@preview doesn't exist!
07-09-2025 -> 21:10:57 - Building process completed!
07-09-2025 -> 21:10:57 - Option Selected:  (if none, probably 2)
07-09-2025 -> 21:11:32 - 

[OK] ===> Python loaded on Darwin. Starting new instance at PID: 29765 | UTS: 1752106292.662833

07-09-2025 -> 21:11:32 - Debug mode is enabled! Debug = True
07-09-2025 -> 21:11:32 - 

0 -> Quit
1 -> Start Building
2 -> Quick Build (Prod)
3 -> Quick Build (Preview)
4 -> Clear Project

07-09-2025 -> 21:11:32 - Here is the case study projects: [{'page_path': '/case-studies/case-study-hubspot-to-teamwork-integration.html', 'case_id': 'microsaas-case', 'case_logo': 'microsaas_icon.webp', 'case_logo_alt': 'HubSpot to Teamwork Integration logo', 'case_title': 'HubSpot to Teamwork Integration', 'case_cta': 'Read Case Study', 'is_case_study': 'TRUE', 'case_description': 'A HubSpot integrated micro-saas solution for Teamwork users. Manage and track client projects from HubSpot.', 'project_type': 'General,Development'}, {'page_path': '/case-studies/case-study-cultura.html', 'case_id': 'cultura-case', 'case_logo': 'Cultura-logomark.svg', 'case_logo_alt': 'Cultura App Logo', 'case_title': 'Cultura App', 'case_cta': 'Read Case Study', 'is_case_study': 'TRUE', 'case_description': 'A HubSpot integrated app that hooks into the major parts of the platform to allow for job and applicant management.', 'project_type': 'General,Development'}]
07-09-2025 -> 21:11:32 - template_content read!
07-09-2025 -> 21:11:32 - Extracted metadata: {'templateType': '"none"', 'isAvailableForNewContent': 'false', 'label': 'Base Engine', 'pageName': '{% if current_page_name %}{{ current_page_name }}{% else %}Not needed!{% endif %}', 'pageURL': '{% if current_page_url %}{{ current_page_url }}{% else %}Not needed!{% endif %}'}
07-09-2025 -> 21:11:32 - Template: _layouts/base.html, Page metadata: {'templateType': '"none"', 'isAvailableForNewContent': 'false', 'label': 'Base Engine', 'pageName': '{% if current_page_name %}{{ current_page_name }}{% else %}Not needed!{% endif %}', 'pageURL': '{% if current_page_url %}{{ current_page_url }}{% else %}Not needed!{% endif %}'}
07-09-2025 -> 21:11:32 - Skipping page: _layouts/base.html because 'isAvailableForNewContent' is false
07-09-2025 -> 21:11:32 - template_content read!
07-09-2025 -> 21:11:32 - Extracted metadata: {'templateType': 'global_partial', 'isAvailableForNewContent': 'false', 'label': 'Website header', 'pageName': '{% if current_page_name %}{{ current_page_name }}{% else %}Not needed!{% endif %}', 'pageURL': '{% if current_page_url %}{{ current_page_url }}{% else %}Not needed!{% endif %}'}
07-09-2025 -> 21:11:32 - Template: _partials/header.html, Page metadata: {'templateType': 'global_partial', 'isAvailableForNewContent': 'false', 'label': 'Website header', 'pageName': '{% if current_page_name %}{{ current_page_name }}{% else %}Not needed!{% endif %}', 'pageURL': '{% if current_page_url %}{{ current_page_url }}{% else %}Not needed!{% endif %}'}
07-09-2025 -> 21:11:32 - Skipping page: _partials/header.html because 'isAvailableForNewContent' is false
07-09-2025 -> 21:11:32 - template_content read!
07-09-2025 -> 21:11:32 - Extracted metadata: {'templateType': 'page', 'isAvailableForNewContent': 'true', 'label': 'Home | Case Studies Listing', 'pageName': '{% if current_page_name %}{{ current_page_name }}{% else %}Not needed!{% endif %}', 'pageURL': '{% if current_page_url %}{{ current_page_url }}{% else %}Not needed!{% endif %}'}
07-09-2025 -> 21:11:32 - Template: index.html, Page metadata: {'templateType': 'page', 'isAvailableForNewContent': 'true', 'label': 'Home | Case Studies Listing', 'pageName': '{% if current_page_name %}{{ current_page_name }}{% else %}Not needed!{% endif %}', 'pageURL': '{% if current_page_url %}{{ current_page_url }}{% else %}Not needed!{% endif %}'}
07-09-2025 -> 21:11:32 - Rendering page: index.html with URL: https://nickdesign.netlify.app/index.html
07-09-2025 -> 21:11:32 - Extracted metadata: {'templateType': 'page', 'isAvailableForNewContent': 'true', 'label': 'Home | Case Studies Listing', 'pageName': '{% if current_page_name %}{{ current_page_name }}{% else %}Not needed!{% endif %}', 'pageURL': '{% if current_page_url %}{{ current_page_url }}{% else %}Not needed!{% endif %}'}
07-09-2025 -> 21:11:32 - Optimizing files...
07-09-2025 -> 21:11:32 - Current working directory is /Users/dreamer/Documents/Source Codes/Personal/Static-portfolio-nick-gen2/@src
07-09-2025 -> 21:11:32 - Minifying files is enabled!
07-09-2025 -> 21:11:32 - Error decoding file: .DS_Store
07-09-2025 -> 21:11:32 - Error decoding file: .DS_Store
07-09-2025 -> 21:11:32 - Minifying base64js.min.js
07-09-2025 -> 21:11:32 - Minifying passwd_backup.js
07-09-2025 -> 21:11:32 - Minifying loader0522.js
07-09-2025 -> 21:11:32 - Minifying grapesjs-plugin-toolbox.min.js
07-09-2025 -> 21:11:32 - Minifying grapesjs-rulers.min.js
07-09-2025 -> 21:11:32 - Minifying splide.min.js
07-09-2025 -> 21:11:32 - Minifying theme_mode.js
07-09-2025 -> 21:11:32 - Minifying cookieconsent.min.js
07-09-2025 -> 21:11:32 - Minifying grapesjs-plugin-export.js
07-09-2025 -> 21:11:32 - Minifying main.js
07-09-2025 -> 21:11:32 - Minifying splide-autoscroll.min.js
07-09-2025 -> 21:11:32 - Minifying grapes.min.js
07-09-2025 -> 21:11:32 - Minifying password-engine.js
07-09-2025 -> 21:11:32 - Minifying grapesjs-custom-code.js
07-09-2025 -> 21:11:32 - Minifying passwd.js
07-09-2025 -> 21:11:32 - Minifying jquery-3.6.3.min.js
07-09-2025 -> 21:11:32 - Minifying grapesjs-parser-postcss.js
07-09-2025 -> 21:11:32 - Minifying consentConfig.js
07-09-2025 -> 21:11:32 - Minifying blog.html
07-09-2025 -> 21:11:32 - Minifying index.html
07-09-2025 -> 21:11:32 - Error decoding file: .DS_Store
07-09-2025 -> 21:11:32 - Minifying privacy-policy.html
07-09-2025 -> 21:11:32 - Minifying 404.html
07-09-2025 -> 21:11:32 - Minifying resources.html
07-09-2025 -> 21:11:32 - Minifying aboutme.html
07-09-2025 -> 21:11:32 - Minifying gulpfile.js
07-09-2025 -> 21:11:32 - Minifying ed-panel-dev.html
07-09-2025 -> 21:11:32 - Minifying password.html
07-09-2025 -> 21:11:32 - Minifying case-study-cultura.html
07-09-2025 -> 21:11:32 - Minifying case-study-hubspot-to-teamwork-integration.html
07-09-2025 -> 21:11:32 - Minifying case-study-resources-center-hubdb.html
07-09-2025 -> 21:11:32 - Minifying hubdb-data-management-in-hubspot.html
07-09-2025 -> 21:11:32 - Minifying Navigating-the-Shift-Transitioning-Your-Blog-to-HubSpot-CMS.html
07-09-2025 -> 21:11:32 - Minifying implement-dynamic-news-content-in-hubspot.html
07-09-2025 -> 21:11:32 - Deleting ../_partials
07-09-2025 -> 21:11:32 - Deleting ../_modules
07-09-2025 -> 21:11:32 - Directory ../_modules doesn't exist!
07-09-2025 -> 21:11:32 - Deleting ../@cms
07-09-2025 -> 21:11:32 - Directory ../@cms doesn't exist!
07-09-2025 -> 21:11:32 - Deleting ../_layouts
07-09-2025 -> 21:11:32 - Deleting ../_layouts/base.html
07-09-2025 -> 21:11:32 - Directory ../_layouts/base.html doesn't exist!
07-09-2025 -> 21:11:32 - Deleting ../Resources
07-09-2025 -> 21:11:32 - Deleting ../SNL.py
07-09-2025 -> 21:11:32 - Deleting ../requirements.txt
07-09-2025 -> 21:11:32 - Deleting ../static/styles/00_settings
07-09-2025 -> 21:11:32 - Deleting ../static/styles/02_base
07-09-2025 -> 21:11:32 - Deleting ../static/styles/03_components/_default-modules.scss
07-09-2025 -> 21:11:32 - Deleting ../static/styles/04_trumps
07-09-2025 -> 21:11:32 - Deleting ../static/styles/compiled
07-09-2025 -> 21:11:32 - Deleting ../styles-engine.css
07-09-2025 -> 21:11:32 - Deleting ../static/styles/fallback.css
07-09-2025 -> 21:11:32 - Deleting ../static/styles/master.scss
07-09-2025 -> 21:11:32 - Deleting ../static/styles/fallback.scss
07-09-2025 -> 21:11:32 - Deleting ../editor.html
07-09-2025 -> 21:11:32 - Directory ../editor.html doesn't exist!
07-09-2025 -> 21:11:32 - Generating sitemap.xml...
07-09-2025 -> 21:11:32 - Deleting ../@preview
07-09-2025 -> 21:11:32 - Directory ../@preview doesn't exist!
07-09-2025 -> 21:11:32 - Building process completed!
07-09-2025 -> 21:11:32 - Option Selected:  (if none, probably 2)
07-09-2025 -> 21:12:31 - 

[OK] ===> Python loaded on Darwin. Starting new instance at PID: 30028 | UTS: 1752106351.354492

07-09-2025 -> 21:12:31 - Debug mode is enabled! Debug = True
07-09-2025 -> 21:12:31 - 

0 -> Quit
1 -> Start Building
2 -> Quick Build (Prod)
3 -> Quick Build (Preview)
4 -> Clear Project

07-09-2025 -> 21:12:31 - Here is the case study projects: [{'page_path': '/case-studies/case-study-hubspot-to-teamwork-integration.html', 'case_id': 'microsaas-case', 'case_logo': 'microsaas_icon.webp', 'case_logo_alt': 'HubSpot to Teamwork Integration logo', 'case_title': 'HubSpot to Teamwork Integration', 'case_cta': 'Read Case Study', 'is_case_study': 'TRUE', 'case_description': 'A HubSpot integrated micro-saas solution for Teamwork users. Manage and track client projects from HubSpot.', 'project_type': 'General,Development'}, {'page_path': '/case-studies/case-study-cultura.html', 'case_id': 'cultura-case', 'case_logo': 'Cultura-logomark.svg', 'case_logo_alt': 'Cultura App Logo', 'case_title': 'Cultura App', 'case_cta': 'Read Case Study', 'is_case_study': 'TRUE', 'case_description': 'A HubSpot integrated app that hooks into the major parts of the platform to allow for job and applicant management.', 'project_type': 'General,Development'}]
07-09-2025 -> 21:12:31 - template_content read!
07-09-2025 -> 21:12:31 - Extracted metadata: {'templateType': '"none"', 'isAvailableForNewContent': 'false', 'label': 'Base Engine', 'pageName': '{% if current_page_name %}{{ current_page_name }}{% else %}Not needed!{% endif %}', 'pageURL': '{% if current_page_url %}{{ current_page_url }}{% else %}Not needed!{% endif %}'}
07-09-2025 -> 21:12:31 - Template: _layouts/base.html, Page metadata: {'templateType': '"none"', 'isAvailableForNewContent': 'false', 'label': 'Base Engine', 'pageName': '{% if current_page_name %}{{ current_page_name }}{% else %}Not needed!{% endif %}', 'pageURL': '{% if current_page_url %}{{ current_page_url }}{% else %}Not needed!{% endif %}'}
07-09-2025 -> 21:12:31 - Skipping page: _layouts/base.html because 'isAvailableForNewContent' is false
07-09-2025 -> 21:12:31 - template_content read!
07-09-2025 -> 21:12:31 - Extracted metadata: {'templateType': 'global_partial', 'isAvailableForNewContent': 'false', 'label': 'Website header', 'pageName': '{% if current_page_name %}{{ current_page_name }}{% else %}Not needed!{% endif %}', 'pageURL': '{% if current_page_url %}{{ current_page_url }}{% else %}Not needed!{% endif %}'}
07-09-2025 -> 21:12:31 - Template: _partials/header.html, Page metadata: {'templateType': 'global_partial', 'isAvailableForNewContent': 'false', 'label': 'Website header', 'pageName': '{% if current_page_name %}{{ current_page_name }}{% else %}Not needed!{% endif %}', 'pageURL': '{% if current_page_url %}{{ current_page_url }}{% else %}Not needed!{% endif %}'}
07-09-2025 -> 21:12:31 - Skipping page: _partials/header.html because 'isAvailableForNewContent' is false
07-09-2025 -> 21:12:31 - template_content read!
07-09-2025 -> 21:12:31 - Extracted metadata: {'templateType': 'page', 'isAvailableForNewContent': 'true', 'label': 'Home | Case Studies Listing', 'pageName': '{% if current_page_name %}{{ current_page_name }}{% else %}Not needed!{% endif %}', 'pageURL': '{% if current_page_url %}{{ current_page_url }}{% else %}Not needed!{% endif %}'}
07-09-2025 -> 21:12:31 - Template: index.html, Page metadata: {'templateType': 'page', 'isAvailableForNewContent': 'true', 'label': 'Home | Case Studies Listing', 'pageName': '{% if current_page_name %}{{ current_page_name }}{% else %}Not needed!{% endif %}', 'pageURL': '{% if current_page_url %}{{ current_page_url }}{% else %}Not needed!{% endif %}'}
07-09-2025 -> 21:12:31 - Rendering page: index.html with URL: https://nickdesign.netlify.app/index.html
07-09-2025 -> 21:12:31 - Extracted metadata: {'templateType': 'page', 'isAvailableForNewContent': 'true', 'label': 'Home | Case Studies Listing', 'pageName': '{% if current_page_name %}{{ current_page_name }}{% else %}Not needed!{% endif %}', 'pageURL': '{% if current_page_url %}{{ current_page_url }}{% else %}Not needed!{% endif %}'}
07-09-2025 -> 21:12:31 - Optimizing files...
07-09-2025 -> 21:12:31 - Current working directory is /Users/dreamer/Documents/Source Codes/Personal/Static-portfolio-nick-gen2/@src
07-09-2025 -> 21:12:31 - Minifying files is enabled!
07-09-2025 -> 21:12:31 - Error decoding file: .DS_Store
07-09-2025 -> 21:12:31 - Error decoding file: .DS_Store
07-09-2025 -> 21:12:31 - Minifying base64js.min.js
07-09-2025 -> 21:12:31 - Minifying passwd_backup.js
07-09-2025 -> 21:12:31 - Minifying loader0522.js
07-09-2025 -> 21:12:31 - Minifying grapesjs-plugin-toolbox.min.js
07-09-2025 -> 21:12:31 - Minifying grapesjs-rulers.min.js
07-09-2025 -> 21:12:31 - Minifying splide.min.js
07-09-2025 -> 21:12:31 - Minifying theme_mode.js
07-09-2025 -> 21:12:31 - Minifying cookieconsent.min.js
07-09-2025 -> 21:12:31 - Minifying grapesjs-plugin-export.js
07-09-2025 -> 21:12:31 - Minifying main.js
07-09-2025 -> 21:12:31 - Minifying splide-autoscroll.min.js
07-09-2025 -> 21:12:31 - Minifying grapes.min.js
07-09-2025 -> 21:12:31 - Minifying password-engine.js
07-09-2025 -> 21:12:31 - Minifying grapesjs-custom-code.js
07-09-2025 -> 21:12:31 - Minifying passwd.js
07-09-2025 -> 21:12:31 - Minifying jquery-3.6.3.min.js
07-09-2025 -> 21:12:31 - Minifying grapesjs-parser-postcss.js
07-09-2025 -> 21:12:31 - Minifying consentConfig.js
07-09-2025 -> 21:12:31 - Minifying blog.html
07-09-2025 -> 21:12:31 - Minifying index.html
07-09-2025 -> 21:12:31 - Error decoding file: .DS_Store
07-09-2025 -> 21:12:31 - Minifying privacy-policy.html
07-09-2025 -> 21:12:31 - Minifying 404.html
07-09-2025 -> 21:12:31 - Minifying resources.html
07-09-2025 -> 21:12:31 - Minifying aboutme.html
07-09-2025 -> 21:12:31 - Minifying gulpfile.js
07-09-2025 -> 21:12:31 - Minifying ed-panel-dev.html
07-09-2025 -> 21:12:31 - Minifying password.html
07-09-2025 -> 21:12:31 - Minifying case-study-cultura.html
07-09-2025 -> 21:12:31 - Minifying case-study-hubspot-to-teamwork-integration.html
07-09-2025 -> 21:12:31 - Minifying case-study-resources-center-hubdb.html
07-09-2025 -> 21:12:31 - Minifying hubdb-data-management-in-hubspot.html
07-09-2025 -> 21:12:31 - Minifying Navigating-the-Shift-Transitioning-Your-Blog-to-HubSpot-CMS.html
07-09-2025 -> 21:12:31 - Minifying implement-dynamic-news-content-in-hubspot.html
07-09-2025 -> 21:12:31 - Deleting ../_partials
07-09-2025 -> 21:12:31 - Deleting ../_modules
07-09-2025 -> 21:12:31 - Directory ../_modules doesn't exist!
07-09-2025 -> 21:12:31 - Deleting ../@cms
07-09-2025 -> 21:12:31 - Directory ../@cms doesn't exist!
07-09-2025 -> 21:12:31 - Deleting ../_layouts
07-09-2025 -> 21:12:31 - Deleting ../_layouts/base.html
07-09-2025 -> 21:12:31 - Directory ../_layouts/base.html doesn't exist!
07-09-2025 -> 21:12:31 - Deleting ../Resources
07-09-2025 -> 21:12:31 - Deleting ../SNL.py
07-09-2025 -> 21:12:31 - Deleting ../requirements.txt
07-09-2025 -> 21:12:31 - Deleting ../static/styles/00_settings
07-09-2025 -> 21:12:31 - Deleting ../static/styles/02_base
07-09-2025 -> 21:12:31 - Deleting ../static/styles/03_components/_default-modules.scss
07-09-2025 -> 21:12:31 - Deleting ../static/styles/04_trumps
07-09-2025 -> 21:12:31 - Deleting ../static/styles/compiled
07-09-2025 -> 21:12:31 - Deleting ../styles-engine.css
07-09-2025 -> 21:12:31 - Deleting ../static/styles/fallback.css
07-09-2025 -> 21:12:31 - Deleting ../static/styles/master.scss
07-09-2025 -> 21:12:31 - Deleting ../static/styles/fallback.scss
07-09-2025 -> 21:12:31 - Deleting ../editor.html
07-09-2025 -> 21:12:31 - Directory ../editor.html doesn't exist!
07-09-2025 -> 21:12:31 - Generating sitemap.xml...
07-09-2025 -> 21:12:31 - Deleting ../@preview
07-09-2025 -> 21:12:31 - Directory ../@preview doesn't exist!
07-09-2025 -> 21:12:31 - Building process completed!
07-09-2025 -> 21:12:31 - Option Selected:  (if none, probably 2)
07-09-2025 -> 21:13:23 - 

[OK] ===> Python loaded on Darwin. Starting new instance at PID: 30183 | UTS: 1752106403.186031

07-09-2025 -> 21:13:23 - Debug mode is enabled! Debug = True
07-09-2025 -> 21:13:23 - 

0 -> Quit
1 -> Start Building
2 -> Quick Build (Prod)
3 -> Quick Build (Preview)
4 -> Clear Project

07-09-2025 -> 21:13:23 - Here is the case study projects: [{'page_path': '/case-studies/case-study-hubspot-to-teamwork-integration.html', 'case_id': 'microsaas-case', 'case_logo': 'microsaas_icon.webp', 'case_logo_alt': 'HubSpot to Teamwork Integration logo', 'case_title': 'HubSpot to Teamwork Integration', 'case_cta': 'Read Case Study', 'is_case_study': 'TRUE', 'case_description': 'A HubSpot integrated micro-saas solution for Teamwork users. Manage and track client projects from HubSpot.', 'project_type': 'General,Development'}, {'page_path': '/case-studies/case-study-cultura.html', 'case_id': 'cultura-case', 'case_logo': 'Cultura-logomark.svg', 'case_logo_alt': 'Cultura App Logo', 'case_title': 'Cultura App', 'case_cta': 'Read Case Study', 'is_case_study': 'TRUE', 'case_description': 'A HubSpot integrated app that hooks into the major parts of the platform to allow for job and applicant management.', 'project_type': 'General,Development'}]
07-09-2025 -> 21:13:23 - template_content read!
07-09-2025 -> 21:13:23 - Extracted metadata: {'templateType': '"none"', 'isAvailableForNewContent': 'false', 'label': 'Base Engine', 'pageName': '{% if current_page_name %}{{ current_page_name }}{% else %}Not needed!{% endif %}', 'pageURL': '{% if current_page_url %}{{ current_page_url }}{% else %}Not needed!{% endif %}'}
07-09-2025 -> 21:13:23 - Template: _layouts/base.html, Page metadata: {'templateType': '"none"', 'isAvailableForNewContent': 'false', 'label': 'Base Engine', 'pageName': '{% if current_page_name %}{{ current_page_name }}{% else %}Not needed!{% endif %}', 'pageURL': '{% if current_page_url %}{{ current_page_url }}{% else %}Not needed!{% endif %}'}
07-09-2025 -> 21:13:23 - Skipping page: _layouts/base.html because 'isAvailableForNewContent' is false
07-09-2025 -> 21:13:23 - template_content read!
07-09-2025 -> 21:13:23 - Extracted metadata: {'templateType': 'global_partial', 'isAvailableForNewContent': 'false', 'label': 'Website header', 'pageName': '{% if current_page_name %}{{ current_page_name }}{% else %}Not needed!{% endif %}', 'pageURL': '{% if current_page_url %}{{ current_page_url }}{% else %}Not needed!{% endif %}'}
07-09-2025 -> 21:13:23 - Template: _partials/header.html, Page metadata: {'templateType': 'global_partial', 'isAvailableForNewContent': 'false', 'label': 'Website header', 'pageName': '{% if current_page_name %}{{ current_page_name }}{% else %}Not needed!{% endif %}', 'pageURL': '{% if current_page_url %}{{ current_page_url }}{% else %}Not needed!{% endif %}'}
07-09-2025 -> 21:13:23 - Skipping page: _partials/header.html because 'isAvailableForNewContent' is false
07-09-2025 -> 21:13:23 - template_content read!
07-09-2025 -> 21:13:23 - Extracted metadata: {'templateType': 'page', 'isAvailableForNewContent': 'true', 'label': 'Home | Case Studies Listing', 'pageName': '{% if current_page_name %}{{ current_page_name }}{% else %}Not needed!{% endif %}', 'pageURL': '{% if current_page_url %}{{ current_page_url }}{% else %}Not needed!{% endif %}'}
07-09-2025 -> 21:13:23 - Template: index.html, Page metadata: {'templateType': 'page', 'isAvailableForNewContent': 'true', 'label': 'Home | Case Studies Listing', 'pageName': '{% if current_page_name %}{{ current_page_name }}{% else %}Not needed!{% endif %}', 'pageURL': '{% if current_page_url %}{{ current_page_url }}{% else %}Not needed!{% endif %}'}
07-09-2025 -> 21:13:23 - Rendering page: index.html with URL: https://nickdesign.netlify.app/index.html
07-09-2025 -> 21:13:23 - Extracted metadata: {'templateType': 'page', 'isAvailableForNewContent': 'true', 'label': 'Home | Case Studies Listing', 'pageName': '{% if current_page_name %}{{ current_page_name }}{% else %}Not needed!{% endif %}', 'pageURL': '{% if current_page_url %}{{ current_page_url }}{% else %}Not needed!{% endif %}'}
07-09-2025 -> 21:13:23 - Optimizing files...
07-09-2025 -> 21:13:23 - Current working directory is /Users/dreamer/Documents/Source Codes/Personal/Static-portfolio-nick-gen2/@src
07-09-2025 -> 21:13:23 - Minifying files is enabled!
07-09-2025 -> 21:13:23 - Error decoding file: .DS_Store
07-09-2025 -> 21:13:23 - Error decoding file: .DS_Store
07-09-2025 -> 21:13:23 - Minifying base64js.min.js
07-09-2025 -> 21:13:23 - Minifying passwd_backup.js
07-09-2025 -> 21:13:23 - Minifying loader0522.js
07-09-2025 -> 21:13:23 - Minifying grapesjs-plugin-toolbox.min.js
07-09-2025 -> 21:13:23 - Minifying grapesjs-rulers.min.js
07-09-2025 -> 21:13:23 - Minifying splide.min.js
07-09-2025 -> 21:13:23 - Minifying theme_mode.js
07-09-2025 -> 21:13:23 - Minifying cookieconsent.min.js
07-09-2025 -> 21:13:23 - Minifying grapesjs-plugin-export.js
07-09-2025 -> 21:13:23 - Minifying main.js
07-09-2025 -> 21:13:23 - Minifying splide-autoscroll.min.js
07-09-2025 -> 21:13:23 - Minifying grapes.min.js
07-09-2025 -> 21:13:23 - Minifying password-engine.js
07-09-2025 -> 21:13:23 - Minifying grapesjs-custom-code.js
07-09-2025 -> 21:13:23 - Minifying passwd.js
07-09-2025 -> 21:13:23 - Minifying jquery-3.6.3.min.js
07-09-2025 -> 21:13:23 - Minifying grapesjs-parser-postcss.js
07-09-2025 -> 21:13:23 - Minifying consentConfig.js
07-09-2025 -> 21:13:23 - Minifying blog.html
07-09-2025 -> 21:13:23 - Minifying index.html
07-09-2025 -> 21:13:23 - Error decoding file: .DS_Store
07-09-2025 -> 21:13:23 - Minifying privacy-policy.html
07-09-2025 -> 21:13:23 - Minifying 404.html
07-09-2025 -> 21:13:23 - Minifying resources.html
07-09-2025 -> 21:13:23 - Minifying aboutme.html
07-09-2025 -> 21:13:23 - Minifying gulpfile.js
07-09-2025 -> 21:13:23 - Minifying ed-panel-dev.html
07-09-2025 -> 21:13:23 - Minifying password.html
07-09-2025 -> 21:13:23 - Minifying case-study-cultura.html
07-09-2025 -> 21:13:23 - Minifying case-study-hubspot-to-teamwork-integration.html
07-09-2025 -> 21:13:23 - Minifying case-study-resources-center-hubdb.html
07-09-2025 -> 21:13:23 - Minifying hubdb-data-management-in-hubspot.html
07-09-2025 -> 21:13:23 - Minifying Navigating-the-Shift-Transitioning-Your-Blog-to-HubSpot-CMS.html
07-09-2025 -> 21:13:23 - Minifying implement-dynamic-news-content-in-hubspot.html
07-09-2025 -> 21:13:23 - Deleting ../_partials
07-09-2025 -> 21:13:23 - Deleting ../_modules
07-09-2025 -> 21:13:23 - Directory ../_modules doesn't exist!
07-09-2025 -> 21:13:23 - Deleting ../@cms
07-09-2025 -> 21:13:23 - Directory ../@cms doesn't exist!
07-09-2025 -> 21:13:23 - Deleting ../_layouts
07-09-2025 -> 21:13:23 - Deleting ../_layouts/base.html
07-09-2025 -> 21:13:23 - Directory ../_layouts/base.html doesn't exist!
07-09-2025 -> 21:13:23 - Deleting ../Resources
07-09-2025 -> 21:13:23 - Deleting ../SNL.py
07-09-2025 -> 21:13:23 - Deleting ../requirements.txt
07-09-2025 -> 21:13:23 - Deleting ../static/styles/00_settings
07-09-2025 -> 21:13:23 - Deleting ../static/styles/02_base
07-09-2025 -> 21:13:23 - Deleting ../static/styles/03_components/_default-modules.scss
07-09-2025 -> 21:13:23 - Deleting ../static/styles/04_trumps
07-09-2025 -> 21:13:23 - Deleting ../static/styles/compiled
07-09-2025 -> 21:13:23 - Deleting ../styles-engine.css
07-09-2025 -> 21:13:23 - Deleting ../static/styles/fallback.css
07-09-2025 -> 21:13:23 - Deleting ../static/styles/master.scss
07-09-2025 -> 21:13:23 - Deleting ../static/styles/fallback.scss
07-09-2025 -> 21:13:23 - Deleting ../editor.html
07-09-2025 -> 21:13:23 - Directory ../editor.html doesn't exist!
07-09-2025 -> 21:13:23 - Generating sitemap.xml...
07-09-2025 -> 21:13:23 - Deleting ../@preview
07-09-2025 -> 21:13:23 - Directory ../@preview doesn't exist!
07-09-2025 -> 21:13:23 - Building process completed!
07-09-2025 -> 21:13:23 - Option Selected:  (if none, probably 2)
07-09-2025 -> 21:18:52 - 

[OK] ===> Python loaded on Darwin. Starting new instance at PID: 30548 | UTS: 1752106732.3885472

07-09-2025 -> 21:18:52 - Debug mode is enabled! Debug = True
07-09-2025 -> 21:18:52 - 

0 -> Quit
1 -> Start Building
2 -> Quick Build (Prod)
3 -> Quick Build (Preview)
4 -> Clear Project

07-09-2025 -> 21:18:52 - Here is the case study projects: [{'page_path': '/case-studies/case-study-hubspot-to-teamwork-integration.html', 'case_id': 'microsaas-case', 'case_logo': 'microsaas_icon.webp', 'case_logo_alt': 'HubSpot to Teamwork Integration logo', 'case_title': 'HubSpot to Teamwork Integration', 'case_cta': 'Read Case Study', 'is_case_study': 'TRUE', 'case_description': 'A HubSpot integrated micro-saas solution for Teamwork users. Manage and track client projects from HubSpot.', 'project_type': 'General,Development'}, {'page_path': '/case-studies/case-study-cultura.html', 'case_id': 'cultura-case', 'case_logo': 'Cultura-logomark.svg', 'case_logo_alt': 'Cultura App Logo', 'case_title': 'Cultura App', 'case_cta': 'Read Case Study', 'is_case_study': 'TRUE', 'case_description': 'A HubSpot integrated app that hooks into the major parts of the platform to allow for job and applicant management.', 'project_type': 'General,Development'}]
07-09-2025 -> 21:18:52 - template_content read!
07-09-2025 -> 21:18:52 - Extracted metadata: {'templateType': '"none"', 'isAvailableForNewContent': 'false', 'label': 'Base Engine', 'pageName': '{% if current_page_name %}{{ current_page_name }}{% else %}Not needed!{% endif %}', 'pageURL': '{% if current_page_url %}{{ current_page_url }}{% else %}Not needed!{% endif %}'}
07-09-2025 -> 21:18:52 - Template: _layouts/base.html, Page metadata: {'templateType': '"none"', 'isAvailableForNewContent': 'false', 'label': 'Base Engine', 'pageName': '{% if current_page_name %}{{ current_page_name }}{% else %}Not needed!{% endif %}', 'pageURL': '{% if current_page_url %}{{ current_page_url }}{% else %}Not needed!{% endif %}'}
07-09-2025 -> 21:18:52 - Skipping page: _layouts/base.html because 'isAvailableForNewContent' is false
07-09-2025 -> 21:18:52 - template_content read!
07-09-2025 -> 21:18:52 - Extracted metadata: {'templateType': 'global_partial', 'isAvailableForNewContent': 'false', 'label': 'Website header', 'pageName': '{% if current_page_name %}{{ current_page_name }}{% else %}Not needed!{% endif %}', 'pageURL': '{% if current_page_url %}{{ current_page_url }}{% else %}Not needed!{% endif %}'}
07-09-2025 -> 21:18:52 - Template: _partials/header.html, Page metadata: {'templateType': 'global_partial', 'isAvailableForNewContent': 'false', 'label': 'Website header', 'pageName': '{% if current_page_name %}{{ current_page_name }}{% else %}Not needed!{% endif %}', 'pageURL': '{% if current_page_url %}{{ current_page_url }}{% else %}Not needed!{% endif %}'}
07-09-2025 -> 21:18:52 - Skipping page: _partials/header.html because 'isAvailableForNewContent' is false
07-09-2025 -> 21:18:52 - template_content read!
07-09-2025 -> 21:18:52 - Extracted metadata: {'templateType': 'page', 'isAvailableForNewContent': 'true', 'label': 'Home | Case Studies Listing', 'pageName': '{% if current_page_name %}{{ current_page_name }}{% else %}Not needed!{% endif %}', 'pageURL': '{% if current_page_url %}{{ current_page_url }}{% else %}Not needed!{% endif %}'}
07-09-2025 -> 21:18:52 - Template: index.html, Page metadata: {'templateType': 'page', 'isAvailableForNewContent': 'true', 'label': 'Home | Case Studies Listing', 'pageName': '{% if current_page_name %}{{ current_page_name }}{% else %}Not needed!{% endif %}', 'pageURL': '{% if current_page_url %}{{ current_page_url }}{% else %}Not needed!{% endif %}'}
07-09-2025 -> 21:18:52 - Rendering page: index.html with URL: https://nickdesign.netlify.app/index.html
07-09-2025 -> 21:18:52 - Extracted metadata: {'templateType': 'page', 'isAvailableForNewContent': 'true', 'label': 'Home | Case Studies Listing', 'pageName': '{% if current_page_name %}{{ current_page_name }}{% else %}Not needed!{% endif %}', 'pageURL': '{% if current_page_url %}{{ current_page_url }}{% else %}Not needed!{% endif %}'}
07-09-2025 -> 21:18:52 - Optimizing files...
07-09-2025 -> 21:18:52 - Current working directory is /Users/dreamer/Documents/Source Codes/Personal/Static-portfolio-nick-gen2/@src
07-09-2025 -> 21:18:52 - Minifying files is enabled!
07-09-2025 -> 21:18:52 - Error decoding file: .DS_Store
07-09-2025 -> 21:18:52 - Error decoding file: .DS_Store
07-09-2025 -> 21:18:52 - Minifying base64js.min.js
07-09-2025 -> 21:18:52 - Minifying passwd_backup.js
07-09-2025 -> 21:18:52 - Minifying loader0522.js
07-09-2025 -> 21:18:52 - Minifying grapesjs-plugin-toolbox.min.js
07-09-2025 -> 21:18:52 - Minifying grapesjs-rulers.min.js
07-09-2025 -> 21:18:52 - Minifying splide.min.js
07-09-2025 -> 21:18:52 - Minifying theme_mode.js
07-09-2025 -> 21:18:52 - Minifying cookieconsent.min.js
07-09-2025 -> 21:18:52 - Minifying grapesjs-plugin-export.js
07-09-2025 -> 21:18:52 - Minifying main.js
07-09-2025 -> 21:18:52 - Minifying splide-autoscroll.min.js
07-09-2025 -> 21:18:52 - Minifying grapes.min.js
07-09-2025 -> 21:18:52 - Minifying password-engine.js
07-09-2025 -> 21:18:52 - Minifying grapesjs-custom-code.js
07-09-2025 -> 21:18:52 - Minifying passwd.js
07-09-2025 -> 21:18:52 - Minifying jquery-3.6.3.min.js
07-09-2025 -> 21:18:52 - Minifying grapesjs-parser-postcss.js
07-09-2025 -> 21:18:52 - Minifying consentConfig.js
07-09-2025 -> 21:18:52 - Minifying blog.html
07-09-2025 -> 21:18:52 - Minifying index.html
07-09-2025 -> 21:18:52 - Error decoding file: .DS_Store
07-09-2025 -> 21:18:52 - Minifying privacy-policy.html
07-09-2025 -> 21:18:52 - Minifying 404.html
07-09-2025 -> 21:18:52 - Minifying resources.html
07-09-2025 -> 21:18:52 - Minifying aboutme.html
07-09-2025 -> 21:18:52 - Minifying gulpfile.js
07-09-2025 -> 21:18:52 - Minifying ed-panel-dev.html
07-09-2025 -> 21:18:52 - Minifying password.html
07-09-2025 -> 21:18:52 - Minifying case-study-cultura.html
07-09-2025 -> 21:18:52 - Minifying case-study-hubspot-to-teamwork-integration.html
07-09-2025 -> 21:18:52 - Minifying case-study-resources-center-hubdb.html
07-09-2025 -> 21:18:52 - Minifying hubdb-data-management-in-hubspot.html
07-09-2025 -> 21:18:52 - Minifying Navigating-the-Shift-Transitioning-Your-Blog-to-HubSpot-CMS.html
07-09-2025 -> 21:18:52 - Minifying implement-dynamic-news-content-in-hubspot.html
07-09-2025 -> 21:18:52 - Deleting ../_partials
07-09-2025 -> 21:18:52 - Deleting ../_modules
07-09-2025 -> 21:18:52 - Directory ../_modules doesn't exist!
07-09-2025 -> 21:18:52 - Deleting ../@cms
07-09-2025 -> 21:18:52 - Directory ../@cms doesn't exist!
07-09-2025 -> 21:18:52 - Deleting ../_layouts
07-09-2025 -> 21:18:52 - Deleting ../_layouts/base.html
07-09-2025 -> 21:18:52 - Directory ../_layouts/base.html doesn't exist!
07-09-2025 -> 21:18:52 - Deleting ../Resources
07-09-2025 -> 21:18:52 - Deleting ../SNL.py
07-09-2025 -> 21:18:52 - Deleting ../requirements.txt
07-09-2025 -> 21:18:52 - Deleting ../static/styles/00_settings
07-09-2025 -> 21:18:52 - Deleting ../static/styles/02_base
07-09-2025 -> 21:18:52 - Deleting ../static/styles/03_components/_default-modules.scss
07-09-2025 -> 21:18:52 - Deleting ../static/styles/04_trumps
07-09-2025 -> 21:18:52 - Deleting ../static/styles/compiled
07-09-2025 -> 21:18:52 - Deleting ../styles-engine.css
07-09-2025 -> 21:18:52 - Deleting ../static/styles/fallback.css
07-09-2025 -> 21:18:52 - Deleting ../static/styles/master.scss
07-09-2025 -> 21:18:52 - Deleting ../static/styles/fallback.scss
07-09-2025 -> 21:18:52 - Deleting ../editor.html
07-09-2025 -> 21:18:52 - Directory ../editor.html doesn't exist!
07-09-2025 -> 21:18:52 - Generating sitemap.xml...
07-09-2025 -> 21:18:52 - Deleting ../@preview
07-09-2025 -> 21:18:52 - Directory ../@preview doesn't exist!
07-09-2025 -> 21:18:52 - Building process completed!
07-09-2025 -> 21:18:52 - Option Selected:  (if none, probably 2)
07-09-2025 -> 21:20:38 - 

[OK] ===> Python loaded on Darwin. Starting new instance at PID: 30709 | UTS: 1752106838.05982

07-09-2025 -> 21:20:38 - Debug mode is enabled! Debug = True
07-09-2025 -> 21:20:38 - 

0 -> Quit
1 -> Start Building
2 -> Quick Build (Prod)
3 -> Quick Build (Preview)
4 -> Clear Project

07-09-2025 -> 21:20:38 - Here is the case study projects: [{'page_path': '/case-studies/case-study-hubspot-to-teamwork-integration.html', 'case_id': 'microsaas-case', 'case_logo': 'microsaas_icon.webp', 'case_logo_alt': 'HubSpot to Teamwork Integration logo', 'case_title': 'HubSpot to Teamwork Integration', 'case_cta': 'Read Case Study', 'is_case_study': 'TRUE', 'case_description': 'A HubSpot integrated micro-saas solution for Teamwork users. Manage and track client projects from HubSpot.', 'project_type': 'General,Development'}, {'page_path': '/case-studies/case-study-cultura.html', 'case_id': 'cultura-case', 'case_logo': 'Cultura-logomark.svg', 'case_logo_alt': 'Cultura App Logo', 'case_title': 'Cultura App', 'case_cta': 'Read Case Study', 'is_case_study': 'TRUE', 'case_description': 'A HubSpot integrated app that hooks into the major parts of the platform to allow for job and applicant management.', 'project_type': 'General,Development'}]
07-09-2025 -> 21:20:38 - template_content read!
07-09-2025 -> 21:20:38 - Extracted metadata: {'templateType': '"none"', 'isAvailableForNewContent': 'false', 'label': 'Base Engine', 'pageName': '{% if current_page_name %}{{ current_page_name }}{% else %}Not needed!{% endif %}', 'pageURL': '{% if current_page_url %}{{ current_page_url }}{% else %}Not needed!{% endif %}'}
07-09-2025 -> 21:20:38 - Template: _layouts/base.html, Page metadata: {'templateType': '"none"', 'isAvailableForNewContent': 'false', 'label': 'Base Engine', 'pageName': '{% if current_page_name %}{{ current_page_name }}{% else %}Not needed!{% endif %}', 'pageURL': '{% if current_page_url %}{{ current_page_url }}{% else %}Not needed!{% endif %}'}
07-09-2025 -> 21:20:38 - Skipping page: _layouts/base.html because 'isAvailableForNewContent' is false
07-09-2025 -> 21:20:38 - template_content read!
07-09-2025 -> 21:20:38 - Extracted metadata: {'templateType': 'global_partial', 'isAvailableForNewContent': 'false', 'label': 'Website header', 'pageName': '{% if current_page_name %}{{ current_page_name }}{% else %}Not needed!{% endif %}', 'pageURL': '{% if current_page_url %}{{ current_page_url }}{% else %}Not needed!{% endif %}'}
07-09-2025 -> 21:20:38 - Template: _partials/header.html, Page metadata: {'templateType': 'global_partial', 'isAvailableForNewContent': 'false', 'label': 'Website header', 'pageName': '{% if current_page_name %}{{ current_page_name }}{% else %}Not needed!{% endif %}', 'pageURL': '{% if current_page_url %}{{ current_page_url }}{% else %}Not needed!{% endif %}'}
07-09-2025 -> 21:20:38 - Skipping page: _partials/header.html because 'isAvailableForNewContent' is false
07-09-2025 -> 21:20:38 - template_content read!
07-09-2025 -> 21:20:38 - Extracted metadata: {'templateType': 'page', 'isAvailableForNewContent': 'true', 'label': 'Home | Case Studies Listing', 'pageName': '{% if current_page_name %}{{ current_page_name }}{% else %}Not needed!{% endif %}', 'pageURL': '{% if current_page_url %}{{ current_page_url }}{% else %}Not needed!{% endif %}'}
07-09-2025 -> 21:20:38 - Template: index.html, Page metadata: {'templateType': 'page', 'isAvailableForNewContent': 'true', 'label': 'Home | Case Studies Listing', 'pageName': '{% if current_page_name %}{{ current_page_name }}{% else %}Not needed!{% endif %}', 'pageURL': '{% if current_page_url %}{{ current_page_url }}{% else %}Not needed!{% endif %}'}
07-09-2025 -> 21:20:38 - Rendering page: index.html with URL: https://nickdesign.netlify.app/index.html
07-09-2025 -> 21:20:38 - Extracted metadata: {'templateType': 'page', 'isAvailableForNewContent': 'true', 'label': 'Home | Case Studies Listing', 'pageName': '{% if current_page_name %}{{ current_page_name }}{% else %}Not needed!{% endif %}', 'pageURL': '{% if current_page_url %}{{ current_page_url }}{% else %}Not needed!{% endif %}'}
07-09-2025 -> 21:20:38 - Optimizing files...
07-09-2025 -> 21:20:38 - Current working directory is /Users/dreamer/Documents/Source Codes/Personal/Static-portfolio-nick-gen2/@src
07-09-2025 -> 21:20:38 - Minifying files is enabled!
07-09-2025 -> 21:20:38 - Error decoding file: .DS_Store
07-09-2025 -> 21:20:38 - Error decoding file: .DS_Store
07-09-2025 -> 21:20:38 - Minifying base64js.min.js
07-09-2025 -> 21:20:38 - Minifying passwd_backup.js
07-09-2025 -> 21:20:38 - Minifying loader0522.js
07-09-2025 -> 21:20:38 - Minifying grapesjs-plugin-toolbox.min.js
07-09-2025 -> 21:20:38 - Minifying grapesjs-rulers.min.js
07-09-2025 -> 21:20:38 - Minifying splide.min.js
07-09-2025 -> 21:20:38 - Minifying theme_mode.js
07-09-2025 -> 21:20:38 - Minifying cookieconsent.min.js
07-09-2025 -> 21:20:38 - Minifying grapesjs-plugin-export.js
07-09-2025 -> 21:20:38 - Minifying main.js
07-09-2025 -> 21:20:38 - Minifying splide-autoscroll.min.js
07-09-2025 -> 21:20:38 - Minifying grapes.min.js
07-09-2025 -> 21:20:38 - Minifying password-engine.js
07-09-2025 -> 21:20:38 - Minifying grapesjs-custom-code.js
07-09-2025 -> 21:20:38 - Minifying passwd.js
07-09-2025 -> 21:20:38 - Minifying jquery-3.6.3.min.js
07-09-2025 -> 21:20:38 - Minifying grapesjs-parser-postcss.js
07-09-2025 -> 21:20:38 - Minifying consentConfig.js
07-09-2025 -> 21:20:38 - Minifying blog.html
07-09-2025 -> 21:20:38 - Minifying index.html
07-09-2025 -> 21:20:38 - Error decoding file: .DS_Store
07-09-2025 -> 21:20:38 - Minifying privacy-policy.html
07-09-2025 -> 21:20:38 - Minifying 404.html
07-09-2025 -> 21:20:38 - Minifying resources.html
07-09-2025 -> 21:20:38 - Minifying aboutme.html
07-09-2025 -> 21:20:38 - Minifying gulpfile.js
07-09-2025 -> 21:20:38 - Minifying ed-panel-dev.html
07-09-2025 -> 21:20:38 - Minifying password.html
07-09-2025 -> 21:20:38 - Minifying case-study-cultura.html
07-09-2025 -> 21:20:38 - Minifying case-study-hubspot-to-teamwork-integration.html
07-09-2025 -> 21:20:38 - Minifying case-study-resources-center-hubdb.html
07-09-2025 -> 21:20:38 - Minifying hubdb-data-management-in-hubspot.html
07-09-2025 -> 21:20:38 - Minifying Navigating-the-Shift-Transitioning-Your-Blog-to-HubSpot-CMS.html
07-09-2025 -> 21:20:38 - Minifying implement-dynamic-news-content-in-hubspot.html
07-09-2025 -> 21:20:38 - Deleting ../_partials
07-09-2025 -> 21:20:38 - Deleting ../_modules
07-09-2025 -> 21:20:38 - Directory ../_modules doesn't exist!
07-09-2025 -> 21:20:38 - Deleting ../@cms
07-09-2025 -> 21:20:38 - Directory ../@cms doesn't exist!
07-09-2025 -> 21:20:38 - Deleting ../_layouts
07-09-2025 -> 21:20:38 - Deleting ../_layouts/base.html
07-09-2025 -> 21:20:38 - Directory ../_layouts/base.html doesn't exist!
07-09-2025 -> 21:20:38 - Deleting ../Resources
07-09-2025 -> 21:20:38 - Deleting ../SNL.py
07-09-2025 -> 21:20:38 - Deleting ../requirements.txt
07-09-2025 -> 21:20:38 - Deleting ../static/styles/00_settings
07-09-2025 -> 21:20:38 - Deleting ../static/styles/02_base
07-09-2025 -> 21:20:38 - Deleting ../static/styles/03_components/_default-modules.scss
07-09-2025 -> 21:20:38 - Deleting ../static/styles/04_trumps
07-09-2025 -> 21:20:38 - Deleting ../static/styles/compiled
07-09-2025 -> 21:20:38 - Deleting ../styles-engine.css
07-09-2025 -> 21:20:38 - Deleting ../static/styles/fallback.css
07-09-2025 -> 21:20:38 - Deleting ../static/styles/master.scss
07-09-2025 -> 21:20:38 - Deleting ../static/styles/fallback.scss
07-09-2025 -> 21:20:38 - Deleting ../editor.html
07-09-2025 -> 21:20:38 - Directory ../editor.html doesn't exist!
07-09-2025 -> 21:20:38 - Generating sitemap.xml...
07-09-2025 -> 21:20:38 - Deleting ../@preview
07-09-2025 -> 21:20:38 - Directory ../@preview doesn't exist!
07-09-2025 -> 21:20:38 - Building process completed!
07-09-2025 -> 21:20:38 - Option Selected:  (if none, probably 2)
07-09-2025 -> 21:22:49 - 

[OK] ===> Python loaded on Darwin. Starting new instance at PID: 30976 | UTS: 1752106969.216206

07-09-2025 -> 21:22:49 - Debug mode is enabled! Debug = True
07-09-2025 -> 21:22:49 - 

0 -> Quit
1 -> Start Building
2 -> Quick Build (Prod)
3 -> Quick Build (Preview)
4 -> Clear Project

07-09-2025 -> 21:22:49 - Here is the case study projects: [{'page_path': '/case-studies/case-study-hubspot-to-teamwork-integration.html', 'case_id': 'microsaas-case', 'case_logo': 'microsaas_icon.webp', 'case_logo_alt': 'HubSpot to Teamwork Integration logo', 'case_title': 'HubSpot to Teamwork Integration', 'case_cta': 'Read Case Study', 'is_case_study': 'TRUE', 'case_description': 'A HubSpot integrated micro-saas solution for Teamwork users. Manage and track client projects from HubSpot.', 'project_type': 'General,Development'}, {'page_path': '/case-studies/case-study-cultura.html', 'case_id': 'cultura-case', 'case_logo': 'Cultura-logomark.svg', 'case_logo_alt': 'Cultura App Logo', 'case_title': 'Cultura App', 'case_cta': 'Read Case Study', 'is_case_study': 'TRUE', 'case_description': 'A HubSpot integrated app that hooks into the major parts of the platform to allow for job and applicant management.', 'project_type': 'General,Development'}]
07-09-2025 -> 21:22:49 - template_content read!
07-09-2025 -> 21:22:49 - Extracted metadata: {'templateType': '"none"', 'isAvailableForNewContent': 'false', 'label': 'Base Engine', 'pageName': '{% if current_page_name %}{{ current_page_name }}{% else %}Not needed!{% endif %}', 'pageURL': '{% if current_page_url %}{{ current_page_url }}{% else %}Not needed!{% endif %}'}
07-09-2025 -> 21:22:49 - Template: _layouts/base.html, Page metadata: {'templateType': '"none"', 'isAvailableForNewContent': 'false', 'label': 'Base Engine', 'pageName': '{% if current_page_name %}{{ current_page_name }}{% else %}Not needed!{% endif %}', 'pageURL': '{% if current_page_url %}{{ current_page_url }}{% else %}Not needed!{% endif %}'}
07-09-2025 -> 21:22:49 - Skipping page: _layouts/base.html because 'isAvailableForNewContent' is false
07-09-2025 -> 21:22:49 - template_content read!
07-09-2025 -> 21:22:49 - Extracted metadata: {'templateType': 'global_partial', 'isAvailableForNewContent': 'false', 'label': 'Website header', 'pageName': '{% if current_page_name %}{{ current_page_name }}{% else %}Not needed!{% endif %}', 'pageURL': '{% if current_page_url %}{{ current_page_url }}{% else %}Not needed!{% endif %}'}
07-09-2025 -> 21:22:49 - Template: _partials/header.html, Page metadata: {'templateType': 'global_partial', 'isAvailableForNewContent': 'false', 'label': 'Website header', 'pageName': '{% if current_page_name %}{{ current_page_name }}{% else %}Not needed!{% endif %}', 'pageURL': '{% if current_page_url %}{{ current_page_url }}{% else %}Not needed!{% endif %}'}
07-09-2025 -> 21:22:49 - Skipping page: _partials/header.html because 'isAvailableForNewContent' is false
07-09-2025 -> 21:22:49 - template_content read!
07-09-2025 -> 21:22:49 - Extracted metadata: {'templateType': 'page', 'isAvailableForNewContent': 'true', 'label': 'Home | Case Studies Listing', 'pageName': '{% if current_page_name %}{{ current_page_name }}{% else %}Not needed!{% endif %}', 'pageURL': '{% if current_page_url %}{{ current_page_url }}{% else %}Not needed!{% endif %}'}
07-09-2025 -> 21:22:49 - Template: index.html, Page metadata: {'templateType': 'page', 'isAvailableForNewContent': 'true', 'label': 'Home | Case Studies Listing', 'pageName': '{% if current_page_name %}{{ current_page_name }}{% else %}Not needed!{% endif %}', 'pageURL': '{% if current_page_url %}{{ current_page_url }}{% else %}Not needed!{% endif %}'}
07-09-2025 -> 21:22:49 - Rendering page: index.html with URL: https://nickdesign.netlify.app/index.html
07-09-2025 -> 21:22:49 - Extracted metadata: {'templateType': 'page', 'isAvailableForNewContent': 'true', 'label': 'Home | Case Studies Listing', 'pageName': '{% if current_page_name %}{{ current_page_name }}{% else %}Not needed!{% endif %}', 'pageURL': '{% if current_page_url %}{{ current_page_url }}{% else %}Not needed!{% endif %}'}
07-09-2025 -> 21:22:49 - Optimizing files...
07-09-2025 -> 21:22:49 - Current working directory is /Users/dreamer/Documents/Source Codes/Personal/Static-portfolio-nick-gen2/@src
07-09-2025 -> 21:22:49 - Minifying files is enabled!
07-09-2025 -> 21:22:49 - Error decoding file: .DS_Store
07-09-2025 -> 21:22:49 - Error decoding file: .DS_Store
07-09-2025 -> 21:22:49 - Minifying base64js.min.js
07-09-2025 -> 21:22:49 - Minifying passwd_backup.js
07-09-2025 -> 21:22:49 - Minifying loader0522.js
07-09-2025 -> 21:22:49 - Minifying grapesjs-plugin-toolbox.min.js
07-09-2025 -> 21:22:49 - Minifying grapesjs-rulers.min.js
07-09-2025 -> 21:22:49 - Minifying splide.min.js
07-09-2025 -> 21:22:49 - Minifying theme_mode.js
07-09-2025 -> 21:22:49 - Minifying cookieconsent.min.js
07-09-2025 -> 21:22:49 - Minifying grapesjs-plugin-export.js
07-09-2025 -> 21:22:49 - Minifying main.js
07-09-2025 -> 21:22:49 - Minifying splide-autoscroll.min.js
07-09-2025 -> 21:22:49 - Minifying grapes.min.js
07-09-2025 -> 21:22:49 - Minifying password-engine.js
07-09-2025 -> 21:22:49 - Minifying grapesjs-custom-code.js
07-09-2025 -> 21:22:49 - Minifying passwd.js
07-09-2025 -> 21:22:49 - Minifying jquery-3.6.3.min.js
07-09-2025 -> 21:22:49 - Minifying grapesjs-parser-postcss.js
07-09-2025 -> 21:22:49 - Minifying consentConfig.js
07-09-2025 -> 21:22:49 - Minifying blog.html
07-09-2025 -> 21:22:49 - Minifying index.html
07-09-2025 -> 21:22:49 - Error decoding file: .DS_Store
07-09-2025 -> 21:22:49 - Minifying privacy-policy.html
07-09-2025 -> 21:22:49 - Minifying 404.html
07-09-2025 -> 21:22:49 - Minifying resources.html
07-09-2025 -> 21:22:49 - Minifying aboutme.html
07-09-2025 -> 21:22:49 - Minifying gulpfile.js
07-09-2025 -> 21:22:49 - Minifying ed-panel-dev.html
07-09-2025 -> 21:22:49 - Minifying password.html
07-09-2025 -> 21:22:49 - Minifying case-study-cultura.html
07-09-2025 -> 21:22:49 - Minifying case-study-hubspot-to-teamwork-integration.html
07-09-2025 -> 21:22:49 - Minifying case-study-resources-center-hubdb.html
07-09-2025 -> 21:22:49 - Minifying hubdb-data-management-in-hubspot.html
07-09-2025 -> 21:22:49 - Minifying Navigating-the-Shift-Transitioning-Your-Blog-to-HubSpot-CMS.html
07-09-2025 -> 21:22:49 - Minifying implement-dynamic-news-content-in-hubspot.html
07-09-2025 -> 21:22:49 - Deleting ../_partials
07-09-2025 -> 21:22:49 - Deleting ../_modules
07-09-2025 -> 21:22:49 - Directory ../_modules doesn't exist!
07-09-2025 -> 21:22:49 - Deleting ../@cms
07-09-2025 -> 21:22:49 - Directory ../@cms doesn't exist!
07-09-2025 -> 21:22:49 - Deleting ../_layouts
07-09-2025 -> 21:22:49 - Deleting ../_layouts/base.html
07-09-2025 -> 21:22:49 - Directory ../_layouts/base.html doesn't exist!
07-09-2025 -> 21:22:49 - Deleting ../Resources
07-09-2025 -> 21:22:49 - Deleting ../SNL.py
07-09-2025 -> 21:22:49 - Deleting ../requirements.txt
07-09-2025 -> 21:22:49 - Deleting ../static/styles/00_settings
07-09-2025 -> 21:22:49 - Deleting ../static/styles/02_base
07-09-2025 -> 21:22:49 - Deleting ../static/styles/03_components/_default-modules.scss
07-09-2025 -> 21:22:49 - Deleting ../static/styles/04_trumps
07-09-2025 -> 21:22:49 - Deleting ../static/styles/compiled
07-09-2025 -> 21:22:49 - Deleting ../styles-engine.css
07-09-2025 -> 21:22:49 - Deleting ../static/styles/fallback.css
07-09-2025 -> 21:22:49 - Deleting ../static/styles/master.scss
07-09-2025 -> 21:22:49 - Deleting ../static/styles/fallback.scss
07-09-2025 -> 21:22:49 - Deleting ../editor.html
07-09-2025 -> 21:22:49 - Directory ../editor.html doesn't exist!
07-09-2025 -> 21:22:49 - Generating sitemap.xml...
07-09-2025 -> 21:22:49 - Deleting ../@preview
07-09-2025 -> 21:22:49 - Directory ../@preview doesn't exist!
07-09-2025 -> 21:22:49 - Building process completed!
07-09-2025 -> 21:22:49 - Option Selected:  (if none, probably 2)
